This file contains any messages produced by compilers while
running configure, to aid debugging if configure makes a mistake.

It was created by configure, which was
generated by GNU Autoconf 2.60.  Invocation command line was

  $ /local/CWorks/GaborBoosting/configure 

## --------- ##
## Platform. ##
## --------- ##

hostname = kalypso
uname -m = i686
uname -r = 2.6.18.8-0.5-default
uname -s = Linux
uname -v = #1 SMP Fri Jun 22 12:17:53 UTC 2007

/usr/bin/uname -p = unknown
/bin/uname -X     = unknown

/bin/arch              = i686
/usr/bin/arch -k       = unknown
/usr/convex/getsysinfo = unknown
/usr/bin/hostinfo      = unknown
/bin/machine           = unknown
/usr/bin/oslevel       = unknown
/bin/universe          = unknown

PATH: /opt/kde3/bin
PATH: /usr/local/bin
PATH: /usr/bin
PATH: /bin
PATH: /usr/games
PATH: /usr/X11R6/bin
PATH: /home/sir/sir02mz/bin
PATH: /opt/gnome/bin
PATH: /usr/bin/X11
PATH: /usr/lib/mit/bin
PATH: /usr/lib/mit/sbin
PATH: /usr/lib/qt3/bin


## ----------- ##
## Core tests. ##
## ----------- ##

configure:1949: checking for a BSD-compatible install
configure:2005: result: /usr/bin/install -c
configure:2016: checking whether build environment is sane
configure:2059: result: yes
configure:2124: checking for gawk
configure:2140: found /usr/bin/gawk
configure:2151: result: gawk
configure:2162: checking whether make sets $(MAKE)
configure:2183: result: yes
configure:2432: checking for g++
configure:2448: found /usr/bin/g++
configure:2459: result: g++
configure:2490: checking for C++ compiler version
configure:2497: g++ --version >&5
g++ (GCC) 4.1.2 20061115 (prerelease) (SUSE Linux)
Copyright (C) 2006 Free Software Foundation, Inc.
This is free software; see the source for copying conditions.  There is NO
warranty; not even for MERCHANTABILITY or FITNESS FOR A PARTICULAR PURPOSE.

configure:2500: $? = 0
configure:2507: g++ -v >&5
Using built-in specs.
Target: i586-suse-linux
Configured with: ../configure --enable-threads=posix --prefix=/usr --with-local-prefix=/usr/local --infodir=/usr/share/info --mandir=/usr/share/man --libdir=/usr/lib --libexecdir=/usr/lib --enable-languages=c,c++,objc,fortran,obj-c++,java,ada --enable-checking=release --with-gxx-include-dir=/usr/include/c++/4.1.2 --enable-ssp --disable-libssp --disable-libgcj --with-slibdir=/lib --with-system-zlib --enable-shared --enable-__cxa_atexit --enable-libstdcxx-allocator=new --program-suffix=-4.1 --enable-version-specific-runtime-libs --without-system-libunwind --with-cpu=generic --host=i586-suse-linux
Thread model: posix
gcc version 4.1.2 20061115 (prerelease) (SUSE Linux)
configure:2510: $? = 0
configure:2517: g++ -V >&5
g++: '-V' option must have argument
configure:2520: $? = 1
configure:2543: checking for C++ compiler default output file name
configure:2570: g++    conftest.cpp  >&5
configure:2573: $? = 0
configure:2619: result: a.out
configure:2624: checking whether the C++ compiler works
configure:2634: ./a.out
configure:2637: $? = 0
configure:2654: result: yes
configure:2661: checking whether we are cross compiling
configure:2663: result: no
configure:2666: checking for suffix of executables
configure:2673: g++ -o conftest    conftest.cpp  >&5
configure:2676: $? = 0
configure:2700: result: 
configure:2706: checking for suffix of object files
configure:2732: g++ -c   conftest.cpp >&5
configure:2735: $? = 0
configure:2758: result: o
configure:2762: checking whether we are using the GNU C++ compiler
configure:2791: g++ -c   conftest.cpp >&5
configure:2797: $? = 0
configure:2804: test -z "$ac_cxx_werror_flag" || test ! -s conftest.err
configure:2807: $? = 0
configure:2814: test -s conftest.o
configure:2817: $? = 0
configure:2831: result: yes
configure:2836: checking whether g++ accepts -g
configure:2866: g++ -c -g  conftest.cpp >&5
configure:2872: $? = 0
configure:2879: test -z "$ac_cxx_werror_flag" || test ! -s conftest.err
configure:2882: $? = 0
configure:2889: test -s conftest.o
configure:2892: $? = 0
configure:3022: result: yes
configure:3056: checking for style of include used by make
configure:3084: result: GNU
configure:3112: checking dependency style of g++
configure:3202: result: gcc3
configure:3297: checking build system type
configure:3315: result: i686-pc-linux-gnu
configure:3337: checking host system type
configure:3352: result: i686-pc-linux-gnu
configure:3422: checking for gcc
configure:3438: found /usr/bin/gcc
configure:3449: result: gcc
configure:3687: checking for C compiler version
configure:3694: gcc --version >&5
gcc (GCC) 4.1.2 20061115 (prerelease) (SUSE Linux)
Copyright (C) 2006 Free Software Foundation, Inc.
This is free software; see the source for copying conditions.  There is NO
warranty; not even for MERCHANTABILITY or FITNESS FOR A PARTICULAR PURPOSE.

configure:3697: $? = 0
configure:3704: gcc -v >&5
Using built-in specs.
Target: i586-suse-linux
Configured with: ../configure --enable-threads=posix --prefix=/usr --with-local-prefix=/usr/local --infodir=/usr/share/info --mandir=/usr/share/man --libdir=/usr/lib --libexecdir=/usr/lib --enable-languages=c,c++,objc,fortran,obj-c++,java,ada --enable-checking=release --with-gxx-include-dir=/usr/include/c++/4.1.2 --enable-ssp --disable-libssp --disable-libgcj --with-slibdir=/lib --with-system-zlib --enable-shared --enable-__cxa_atexit --enable-libstdcxx-allocator=new --program-suffix=-4.1 --enable-version-specific-runtime-libs --without-system-libunwind --with-cpu=generic --host=i586-suse-linux
Thread model: posix
gcc version 4.1.2 20061115 (prerelease) (SUSE Linux)
configure:3707: $? = 0
configure:3714: gcc -V >&5
gcc: '-V' option must have argument
configure:3717: $? = 1
configure:3720: checking whether we are using the GNU C compiler
configure:3749: gcc -c   conftest.c >&5
configure:3755: $? = 0
configure:3762: test -z "$ac_c_werror_flag" || test ! -s conftest.err
configure:3765: $? = 0
configure:3772: test -s conftest.o
configure:3775: $? = 0
configure:3789: result: yes
configure:3794: checking whether gcc accepts -g
configure:3824: gcc -c -g  conftest.c >&5
configure:3830: $? = 0
configure:3837: test -z "$ac_c_werror_flag" || test ! -s conftest.err
configure:3840: $? = 0
configure:3847: test -s conftest.o
configure:3850: $? = 0
configure:3980: result: yes
configure:3997: checking for gcc option to accept ISO C89
configure:4071: gcc  -c -g -O2  conftest.c >&5
configure:4077: $? = 0
configure:4084: test -z "$ac_c_werror_flag" || test ! -s conftest.err
configure:4087: $? = 0
configure:4094: test -s conftest.o
configure:4097: $? = 0
configure:4117: result: none needed
configure:4137: checking dependency style of gcc
configure:4227: result: gcc3
configure:4244: checking for a sed that does not truncate output
configure:4298: result: /usr/bin/sed
configure:4301: checking for grep that handles long lines and -e
configure:4375: result: /usr/bin/grep
configure:4380: checking for egrep
configure:4458: result: /usr/bin/grep -E
configure:4474: checking for ld used by gcc
configure:4541: result: /usr/i586-suse-linux/bin/ld
configure:4550: checking if the linker (/usr/i586-suse-linux/bin/ld) is GNU ld
configure:4565: result: yes
configure:4570: checking for /usr/i586-suse-linux/bin/ld option to reload object files
configure:4577: result: -r
configure:4595: checking for BSD-compatible nm
configure:4644: result: /usr/bin/nm -B
configure:4648: checking whether ln -s works
configure:4652: result: yes
configure:4659: checking how to recognise dependent libraries
configure:4835: result: pass_all
configure:5085: checking how to run the C preprocessor
configure:5125: gcc -E  conftest.c
configure:5131: $? = 0
configure:5169: gcc -E  conftest.c
conftest.c:10:28: error: ac_nonexistent.h: No such file or directory
configure:5175: $? = 1
configure: failed program was:
| /* confdefs.h.  */
| #define PACKAGE_NAME ""
| #define PACKAGE_TARNAME ""
| #define PACKAGE_VERSION ""
| #define PACKAGE_STRING ""
| #define PACKAGE_BUGREPORT ""
| #define PACKAGE "adaboostgabortraining"
| #define VERSION "0.1"
| /* end confdefs.h.  */
| #include <ac_nonexistent.h>
configure:5215: result: gcc -E
configure:5244: gcc -E  conftest.c
configure:5250: $? = 0
configure:5288: gcc -E  conftest.c
conftest.c:10:28: error: ac_nonexistent.h: No such file or directory
configure:5294: $? = 1
configure: failed program was:
| /* confdefs.h.  */
| #define PACKAGE_NAME ""
| #define PACKAGE_TARNAME ""
| #define PACKAGE_VERSION ""
| #define PACKAGE_STRING ""
| #define PACKAGE_BUGREPORT ""
| #define PACKAGE "adaboostgabortraining"
| #define VERSION "0.1"
| /* end confdefs.h.  */
| #include <ac_nonexistent.h>
configure:5339: checking for ANSI C header files
configure:5369: gcc -c -g -O2  conftest.c >&5
configure:5375: $? = 0
configure:5382: test -z "$ac_c_werror_flag" || test ! -s conftest.err
configure:5385: $? = 0
configure:5392: test -s conftest.o
configure:5395: $? = 0
configure:5491: gcc -o conftest -g -O2   conftest.c  >&5
configure:5494: $? = 0
configure:5500: ./conftest
configure:5503: $? = 0
configure:5520: result: yes
configure:5544: checking for sys/types.h
configure:5565: gcc -c -g -O2  conftest.c >&5
configure:5571: $? = 0
configure:5578: test -z "$ac_c_werror_flag" || test ! -s conftest.err
configure:5581: $? = 0
configure:5588: test -s conftest.o
configure:5591: $? = 0
configure:5604: result: yes
configure:5544: checking for sys/stat.h
configure:5565: gcc -c -g -O2  conftest.c >&5
configure:5571: $? = 0
configure:5578: test -z "$ac_c_werror_flag" || test ! -s conftest.err
configure:5581: $? = 0
configure:5588: test -s conftest.o
configure:5591: $? = 0
configure:5604: result: yes
configure:5544: checking for stdlib.h
configure:5565: gcc -c -g -O2  conftest.c >&5
configure:5571: $? = 0
configure:5578: test -z "$ac_c_werror_flag" || test ! -s conftest.err
configure:5581: $? = 0
configure:5588: test -s conftest.o
configure:5591: $? = 0
configure:5604: result: yes
configure:5544: checking for string.h
configure:5565: gcc -c -g -O2  conftest.c >&5
configure:5571: $? = 0
configure:5578: test -z "$ac_c_werror_flag" || test ! -s conftest.err
configure:5581: $? = 0
configure:5588: test -s conftest.o
configure:5591: $? = 0
configure:5604: result: yes
configure:5544: checking for memory.h
configure:5565: gcc -c -g -O2  conftest.c >&5
configure:5571: $? = 0
configure:5578: test -z "$ac_c_werror_flag" || test ! -s conftest.err
configure:5581: $? = 0
configure:5588: test -s conftest.o
configure:5591: $? = 0
configure:5604: result: yes
configure:5544: checking for strings.h
configure:5565: gcc -c -g -O2  conftest.c >&5
configure:5571: $? = 0
configure:5578: test -z "$ac_c_werror_flag" || test ! -s conftest.err
configure:5581: $? = 0
configure:5588: test -s conftest.o
configure:5591: $? = 0
configure:5604: result: yes
configure:5544: checking for inttypes.h
configure:5565: gcc -c -g -O2  conftest.c >&5
configure:5571: $? = 0
configure:5578: test -z "$ac_c_werror_flag" || test ! -s conftest.err
configure:5581: $? = 0
configure:5588: test -s conftest.o
configure:5591: $? = 0
configure:5604: result: yes
configure:5544: checking for stdint.h
configure:5565: gcc -c -g -O2  conftest.c >&5
configure:5571: $? = 0
configure:5578: test -z "$ac_c_werror_flag" || test ! -s conftest.err
configure:5581: $? = 0
configure:5588: test -s conftest.o
configure:5591: $? = 0
configure:5604: result: yes
configure:5544: checking for unistd.h
configure:5565: gcc -c -g -O2  conftest.c >&5
configure:5571: $? = 0
configure:5578: test -z "$ac_c_werror_flag" || test ! -s conftest.err
configure:5581: $? = 0
configure:5588: test -s conftest.o
configure:5591: $? = 0
configure:5604: result: yes
configure:5631: checking dlfcn.h usability
configure:5648: gcc -c -g -O2  conftest.c >&5
configure:5654: $? = 0
configure:5661: test -z "$ac_c_werror_flag" || test ! -s conftest.err
configure:5664: $? = 0
configure:5671: test -s conftest.o
configure:5674: $? = 0
configure:5685: result: yes
configure:5689: checking dlfcn.h presence
configure:5704: gcc -E  conftest.c
configure:5710: $? = 0
configure:5731: result: yes
configure:5759: checking for dlfcn.h
configure:5767: result: yes
configure:5790: checking how to run the C++ preprocessor
configure:5826: g++ -E  conftest.cpp
configure:5832: $? = 0
configure:5870: g++ -E  conftest.cpp
conftest.cpp:21:28: error: ac_nonexistent.h: No such file or directory
configure:5876: $? = 1
configure: failed program was:
| /* confdefs.h.  */
| #define PACKAGE_NAME ""
| #define PACKAGE_TARNAME ""
| #define PACKAGE_VERSION ""
| #define PACKAGE_STRING ""
| #define PACKAGE_BUGREPORT ""
| #define PACKAGE "adaboostgabortraining"
| #define VERSION "0.1"
| #define STDC_HEADERS 1
| #define HAVE_SYS_TYPES_H 1
| #define HAVE_SYS_STAT_H 1
| #define HAVE_STDLIB_H 1
| #define HAVE_STRING_H 1
| #define HAVE_MEMORY_H 1
| #define HAVE_STRINGS_H 1
| #define HAVE_INTTYPES_H 1
| #define HAVE_STDINT_H 1
| #define HAVE_UNISTD_H 1
| #define HAVE_DLFCN_H 1
| /* end confdefs.h.  */
| #include <ac_nonexistent.h>
configure:5916: result: g++ -E
configure:5945: g++ -E  conftest.cpp
configure:5951: $? = 0
configure:5989: g++ -E  conftest.cpp
conftest.cpp:21:28: error: ac_nonexistent.h: No such file or directory
configure:5995: $? = 1
configure: failed program was:
| /* confdefs.h.  */
| #define PACKAGE_NAME ""
| #define PACKAGE_TARNAME ""
| #define PACKAGE_VERSION ""
| #define PACKAGE_STRING ""
| #define PACKAGE_BUGREPORT ""
| #define PACKAGE "adaboostgabortraining"
| #define VERSION "0.1"
| #define STDC_HEADERS 1
| #define HAVE_SYS_TYPES_H 1
| #define HAVE_SYS_STAT_H 1
| #define HAVE_STDLIB_H 1
| #define HAVE_STRING_H 1
| #define HAVE_MEMORY_H 1
| #define HAVE_STRINGS_H 1
| #define HAVE_INTTYPES_H 1
| #define HAVE_STDINT_H 1
| #define HAVE_UNISTD_H 1
| #define HAVE_DLFCN_H 1
| /* end confdefs.h.  */
| #include <ac_nonexistent.h>
configure:6095: checking for g77
configure:6125: result: no
configure:6095: checking for f77
configure:6125: result: no
configure:6095: checking for xlf
configure:6125: result: no
configure:6095: checking for frt
configure:6125: result: no
configure:6095: checking for pgf77
configure:6125: result: no
configure:6095: checking for cf77
configure:6125: result: no
configure:6095: checking for fort77
configure:6125: result: no
configure:6095: checking for fl32
configure:6125: result: no
configure:6095: checking for af77
configure:6125: result: no
configure:6095: checking for f90
configure:6125: result: no
configure:6095: checking for xlf90
configure:6125: result: no
configure:6095: checking for pgf90
configure:6125: result: no
configure:6095: checking for pghpf
configure:6125: result: no
configure:6095: checking for epcf90
configure:6125: result: no
configure:6095: checking for gfortran
configure:6125: result: no
configure:6095: checking for g95
configure:6125: result: no
configure:6095: checking for f95
configure:6125: result: no
configure:6095: checking for fort
configure:6125: result: no
configure:6095: checking for xlf95
configure:6125: result: no
configure:6095: checking for ifort
configure:6125: result: no
configure:6095: checking for ifc
configure:6125: result: no
configure:6095: checking for efc
configure:6125: result: no
configure:6095: checking for pgf95
configure:6125: result: no
configure:6095: checking for lf95
configure:6125: result: no
configure:6095: checking for ftn
configure:6125: result: no
configure:6152: checking for Fortran 77 compiler version
configure:6159:  --version >&5
/local/CWorks/GaborBoosting/configure: line 6160: --version: command not found
configure:6162: $? = 127
configure:6169:  -v >&5
/local/CWorks/GaborBoosting/configure: line 6170: -v: command not found
configure:6172: $? = 127
configure:6179:  -V >&5
/local/CWorks/GaborBoosting/configure: line 6180: -V: command not found
configure:6182: $? = 127
configure:6190: checking whether we are using the GNU Fortran 77 compiler
configure:6209:  -c  conftest.F >&5
/local/CWorks/GaborBoosting/configure: line 6210: -c: command not found
configure:6215: $? = 127
configure: failed program was:
|       program main
| #ifndef __GNUC__
|        choke me
| #endif
| 
|       end
configure:6249: result: no
configure:6255: checking whether  accepts -g
configure:6272:  -c -g conftest.f >&5
/local/CWorks/GaborBoosting/configure: line 6273: -c: command not found
configure:6278: $? = 127
configure: failed program was:
|       program main
| 
|       end
configure:6311: result: no
configure:6341: checking the maximum length of command line arguments
configure:6450: result: 32768
configure:6461: checking command to parse /usr/bin/nm -B output from gcc object
configure:6566: g++ -c -g -O2  conftest.cpp >&5
configure:6569: $? = 0
configure:6573: /usr/bin/nm -B conftest.o \| sed -n -e 's/^.*[ 	]\([ABCDGIRSTW][ABCDGIRSTW]*\)[ 	][ 	]*\([_A-Za-z][_A-Za-z0-9]*\)$/\1 \2 \2/p' \> conftest.nm
configure:6576: $? = 0
configure:6628: g++ -o conftest -g -O2   conftest.cpp conftstm.o >&5
configure:6631: $? = 0
configure:6669: result: ok
configure:6673: checking for objdir
configure:6688: result: .libs
configure:6780: checking for ar
configure:6796: found /usr/bin/ar
configure:6807: result: ar
configure:6876: checking for ranlib
configure:6892: found /usr/bin/ranlib
configure:6903: result: ranlib
configure:6972: checking for strip
configure:6988: found /usr/bin/strip
configure:6999: result: strip
configure:7285: checking if gcc supports -fno-rtti -fno-exceptions
configure:7303: gcc -c -g -O2  -fno-rtti -fno-exceptions conftest.c >&5
cc1: warning: command line option "-fno-rtti" is valid for C++/ObjC++ but not for C
configure:7307: $? = 0
configure:7320: result: no
configure:7335: checking for gcc option to produce PIC
configure:7545: result: -fPIC
configure:7553: checking if gcc PIC flag -fPIC works
configure:7571: gcc -c -g -O2  -fPIC -DPIC conftest.c >&5
configure:7575: $? = 0
configure:7588: result: yes
configure:7616: checking if gcc static flag -static works
configure:7644: result: yes
configure:7654: checking if gcc supports -c -o file.o
configure:7675: gcc -c -g -O2  -o out/conftest2.o conftest.c >&5
configure:7679: $? = 0
configure:7701: result: yes
configure:7727: checking whether the gcc linker (/usr/i586-suse-linux/bin/ld) supports shared libraries
configure:8713: result: yes
configure:8734: checking whether -lc should be explicitly linked in
configure:8739: gcc -c -g -O2  conftest.c >&5
configure:8742: $? = 0
configure:8757: gcc -shared conftest.o  -v -Wl,-soname -Wl,conftest -o conftest 2\>\&1 \| grep  -lc  \>/dev/null 2\>\&1
configure:8760: $? = 0
configure:8772: result: no
configure:8780: checking dynamic linker characteristics
configure:9368: result: GNU/Linux ld.so
configure:9377: checking how to hardcode library paths into programs
configure:9402: result: immediate
configure:9416: checking whether stripping libraries is possible
configure:9421: result: yes
configure:10334: checking if libtool supports shared libraries
configure:10336: result: yes
configure:10339: checking whether to build shared libraries
configure:10360: result: yes
configure:10363: checking whether to build static libraries
configure:10367: result: yes
configure:10459: creating libtool
configure:11047: checking for ld used by g++
configure:11114: result: /usr/i586-suse-linux/bin/ld
configure:11123: checking if the linker (/usr/i586-suse-linux/bin/ld) is GNU ld
configure:11138: result: yes
configure:11189: checking whether the g++ linker (/usr/i586-suse-linux/bin/ld) supports shared libraries
configure:12155: result: yes
configure:12173: g++ -c -g -O2  conftest.cpp >&5
configure:12176: $? = 0
configure:12295: checking for g++ option to produce PIC
configure:12569: result: -fPIC
configure:12577: checking if g++ PIC flag -fPIC works
configure:12595: g++ -c -g -O2  -fPIC -DPIC conftest.cpp >&5
configure:12599: $? = 0
configure:12612: result: yes
configure:12640: checking if g++ static flag -static works
configure:12668: result: yes
configure:12678: checking if g++ supports -c -o file.o
configure:12699: g++ -c -g -O2  -o out/conftest2.o conftest.cpp >&5
configure:12703: $? = 0
configure:12725: result: yes
configure:12751: checking whether the g++ linker (/usr/i586-suse-linux/bin/ld) supports shared libraries
configure:12776: result: yes
configure:12843: checking dynamic linker characteristics
configure:13431: result: GNU/Linux ld.so
configure:13440: checking how to hardcode library paths into programs
configure:13465: result: immediate
configure:19793: creating ./config.status

## ---------------------- ##
## Running config.status. ##
## ---------------------- ##

This file was extended by config.status, which was
generated by GNU Autoconf 2.60.  Invocation command line was

  CONFIG_FILES    = 
  CONFIG_HEADERS  = 
  CONFIG_LINKS    = 
  CONFIG_COMMANDS = 
  $ ./config.status 

on kalypso

config.status:649: creating Makefile
config.status:649: creating src/Makefile
config.status:649: creating src/MultiClassification/Makefile
config.status:649: creating src/Segmentation/Makefile
config.status:649: creating config.h
config.status:916: executing depfiles commands

## ---------------- ##
## Cache variables. ##
## ---------------- ##

ac_cv_build=i686-pc-linux-gnu
ac_cv_c_compiler_gnu=yes
ac_cv_cxx_compiler_gnu=yes
ac_cv_env_CCC_set=
ac_cv_env_CCC_value=
ac_cv_env_CC_set=
ac_cv_env_CC_value=
ac_cv_env_CFLAGS_set=
ac_cv_env_CFLAGS_value=
ac_cv_env_CPPFLAGS_set=
ac_cv_env_CPPFLAGS_value=
ac_cv_env_CPP_set=
ac_cv_env_CPP_value=
ac_cv_env_CXXCPP_set=
ac_cv_env_CXXCPP_value=
ac_cv_env_CXXFLAGS_set=
ac_cv_env_CXXFLAGS_value=
ac_cv_env_CXX_set=
ac_cv_env_CXX_value=
ac_cv_env_F77_set=
ac_cv_env_F77_value=
ac_cv_env_FFLAGS_set=
ac_cv_env_FFLAGS_value=
ac_cv_env_LDFLAGS_set=
ac_cv_env_LDFLAGS_value=
ac_cv_env_build_alias_set=
ac_cv_env_build_alias_value=
ac_cv_env_host_alias_set=
ac_cv_env_host_alias_value=
ac_cv_env_target_alias_set=
ac_cv_env_target_alias_value=
ac_cv_f77_compiler_gnu=no
ac_cv_header_dlfcn_h=yes
ac_cv_header_inttypes_h=yes
ac_cv_header_memory_h=yes
ac_cv_header_stdc=yes
ac_cv_header_stdint_h=yes
ac_cv_header_stdlib_h=yes
ac_cv_header_string_h=yes
ac_cv_header_strings_h=yes
ac_cv_header_sys_stat_h=yes
ac_cv_header_sys_types_h=yes
ac_cv_header_unistd_h=yes
ac_cv_host=i686-pc-linux-gnu
ac_cv_objext=o
ac_cv_path_EGREP='/usr/bin/grep -E'
ac_cv_path_GREP=/usr/bin/grep
ac_cv_path_install='/usr/bin/install -c'
ac_cv_prog_AWK=gawk
ac_cv_prog_CPP='gcc -E'
ac_cv_prog_CXXCPP='g++ -E'
ac_cv_prog_ac_ct_AR=ar
ac_cv_prog_ac_ct_CC=gcc
ac_cv_prog_ac_ct_CXX=g++
ac_cv_prog_ac_ct_RANLIB=ranlib
ac_cv_prog_ac_ct_STRIP=strip
ac_cv_prog_cc_c89=
ac_cv_prog_cc_g=yes
ac_cv_prog_cxx_g=yes
ac_cv_prog_f77_g=no
ac_cv_prog_make_make_set=yes
am_cv_CC_dependencies_compiler_type=gcc3
am_cv_CXX_dependencies_compiler_type=gcc3
lt_cv_deplibs_check_method=pass_all
lt_cv_file_magic_cmd='$MAGIC_CMD'
lt_cv_file_magic_test_file=
lt_cv_ld_reload_flag=-r
lt_cv_objdir=.libs
lt_cv_path_LD=/usr/i586-suse-linux/bin/ld
lt_cv_path_LDCXX=/usr/i586-suse-linux/bin/ld
lt_cv_path_NM='/usr/bin/nm -B'
lt_cv_path_SED=/usr/bin/sed
lt_cv_prog_compiler_c_o=yes
lt_cv_prog_compiler_c_o_CXX=yes
lt_cv_prog_compiler_rtti_exceptions=no
lt_cv_prog_gnu_ld=yes
lt_cv_prog_gnu_ldcxx=yes
lt_cv_sys_global_symbol_pipe='sed -n -e '\''s/^.*[ 	]\([ABCDGIRSTW][ABCDGIRSTW]*\)[ 	][ 	]*\([_A-Za-z][_A-Za-z0-9]*\)$/\1 \2 \2/p'\'''
lt_cv_sys_global_symbol_to_c_name_address='sed -n -e '\''s/^: \([^ ]*\) $/  {\"\1\", (lt_ptr) 0},/p'\'' -e '\''s/^[BCDEGRST] \([^ ]*\) \([^ ]*\)$/  {"\2", (lt_ptr) \&\2},/p'\'''
lt_cv_sys_global_symbol_to_cdecl='sed -n -e '\''s/^. .* \(.*\)$/extern int \1;/p'\'''
lt_cv_sys_max_cmd_len=32768
lt_lt_cv_prog_compiler_c_o='"yes"'
lt_lt_cv_prog_compiler_c_o_CXX='"yes"'
lt_lt_cv_sys_global_symbol_pipe='"sed -n -e '\''s/^.*[ 	]\\([ABCDGIRSTW][ABCDGIRSTW]*\\)[ 	][ 	]*\\([_A-Za-z][_A-Za-z0-9]*\\)\$/\\1 \\2 \\2/p'\''"'
lt_lt_cv_sys_global_symbol_to_c_name_address='"sed -n -e '\''s/^: \\([^ ]*\\) \$/  {\\\"\\1\\\", (lt_ptr) 0},/p'\'' -e '\''s/^[BCDEGRST] \\([^ ]*\\) \\([^ ]*\\)\$/  {\"\\2\", (lt_ptr) \\&\\2},/p'\''"'
lt_lt_cv_sys_global_symbol_to_cdecl='"sed -n -e '\''s/^. .* \\(.*\\)\$/extern int \\1;/p'\''"'

## ----------------- ##
## Output variables. ##
## ----------------- ##

ACLOCAL='${SHELL} /local/CWorks/GaborBoosting/missing --run aclocal-1.9'
AMDEPBACKSLASH='\'
AMDEP_FALSE='#'
AMDEP_TRUE=''
AMTAR='${SHELL} /local/CWorks/GaborBoosting/missing --run tar'
AR='ar'
AUTOCONF='${SHELL} /local/CWorks/GaborBoosting/missing --run autoconf'
AUTOHEADER='${SHELL} /local/CWorks/GaborBoosting/missing --run autoheader'
AUTOMAKE='${SHELL} /local/CWorks/GaborBoosting/missing --run automake-1.9'
AWK='gawk'
CC='gcc'
CCDEPMODE='depmode=gcc3'
CFLAGS='-g -O2'
CPP='gcc -E'
CPPFLAGS=''
CXX='g++'
CXXCPP='g++ -E'
CXXDEPMODE='depmode=gcc3'
CXXFLAGS='-g -O2'
CYGPATH_W='echo'
DEFS='-DHAVE_CONFIG_H'
DEPDIR='.deps'
ECHO='echo'
ECHO_C=''
ECHO_N='-n'
ECHO_T=''
EGREP='/usr/bin/grep -E'
EXEEXT=''
F77=''
FFLAGS=''
GREP='/usr/bin/grep'
INSTALL_DATA='${INSTALL} -m 644'
INSTALL_PROGRAM='${INSTALL}'
INSTALL_SCRIPT='${INSTALL}'
INSTALL_STRIP_PROGRAM='${SHELL} $(install_sh) -c -s'
LDFLAGS=''
LIBOBJS=''
LIBS=''
LIBTOOL='$(SHELL) $(top_builddir)/libtool'
LN_S='ln -s'
LTLIBOBJS=''
MAKEINFO='${SHELL} /local/CWorks/GaborBoosting/missing --run makeinfo'
OBJEXT='o'
PACKAGE='adaboostgabortraining'
PACKAGE_BUGREPORT=''
PACKAGE_NAME=''
PACKAGE_STRING=''
PACKAGE_TARNAME=''
PACKAGE_VERSION=''
PATH_SEPARATOR=':'
RANLIB='ranlib'
SET_MAKE=''
SHELL='/bin/sh'
STRIP='strip'
VERSION='0.1'
ac_ct_CC='gcc'
ac_ct_CXX='g++'
ac_ct_F77=''
am__fastdepCC_FALSE='#'
am__fastdepCC_TRUE=''
am__fastdepCXX_FALSE='#'
am__fastdepCXX_TRUE=''
am__include='include'
am__leading_dot='.'
am__quote=''
am__tar='${AMTAR} chof - "$$tardir"'
am__untar='${AMTAR} xf -'
bindir='${exec_prefix}/bin'
build='i686-pc-linux-gnu'
build_alias=''
build_cpu='i686'
build_os='linux-gnu'
build_vendor='pc'
datadir='${datarootdir}'
datarootdir='${prefix}/share'
docdir='${datarootdir}/doc/${PACKAGE}'
dvidir='${docdir}'
exec_prefix='${prefix}'
host='i686-pc-linux-gnu'
host_alias=''
host_cpu='i686'
host_os='linux-gnu'
host_vendor='pc'
htmldir='${docdir}'
includedir='${prefix}/include'
infodir='${datarootdir}/info'
install_sh='/local/CWorks/GaborBoosting/install-sh'
libdir='${exec_prefix}/lib'
libexecdir='${exec_prefix}/libexec'
localedir='${datarootdir}/locale'
localstatedir='${prefix}/var'
mandir='${datarootdir}/man'
mkdir_p='mkdir -p --'
oldincludedir='/usr/include'
pdfdir='${docdir}'
prefix='/usr/local'
program_transform_name='s,x,x,'
psdir='${docdir}'
sbindir='${exec_prefix}/sbin'
sharedstatedir='${prefix}/com'
sysconfdir='${prefix}/etc'
target_alias=''

## ----------- ##
## confdefs.h. ##
## ----------- ##

#define PACKAGE_NAME ""
#define PACKAGE_TARNAME ""
#define PACKAGE_VERSION ""
#define PACKAGE_STRING ""
#define PACKAGE_BUGREPORT ""
#define PACKAGE "adaboostgabortraining"
#define VERSION "0.1"
#define STDC_HEADERS 1
#define HAVE_SYS_TYPES_H 1
#define HAVE_SYS_STAT_H 1
#define HAVE_STDLIB_H 1
#define HAVE_STRING_H 1
#define HAVE_MEMORY_H 1
#define HAVE_STRINGS_H 1
#define HAVE_INTTYPES_H 1
#define HAVE_STDINT_H 1
#define HAVE_UNISTD_H 1
#define HAVE_DLFCN_H 1

configure: exit 0
