This is pdfTeXk, Version 3.141592-1.40.3 (Web2C 7.5.6) (format=pdflatex 2009.3.9)  13 MAR 2009 14:57
entering extended mode
 %&-line parsing enabled.
**GaborBoosting.tex
(./GaborBoosting.tex
LaTeX2e <2005/12/01>
Babel <v3.8h> and hyphenation patterns for english, usenglishmax, dumylang, noh
yphenation, arabic, farsi, croatian, ukrainian, russian, bulgarian, czech, slov
ak, danish, dutch, finnish, basque, french, german, ngerman, ibycus, greek, mon
ogreek, ancientgreek, hungarian, italian, latin, mongolian, norsk, icelandic, i
nterlingua, turkish, coptic, romanian, welsh, serbian, slovenian, estonian, esp
eranto, uppersorbian, indonesian, polish, portuguese, spanish, catalan, galicia
n, swedish, ukenglish, loaded.
(/usr/share/texmf-texlive/tex/latex/base/article.cls
Document Class: article 2005/09/16 v1.4f Standard LaTeX document class
(/usr/share/texmf-texlive/tex/latex/base/size10.clo
File: size10.clo 2005/09/16 v1.4f Standard LaTeX file (size option)
)
\c@part=\count79
\c@section=\count80
\c@subsection=\count81
\c@subsubsection=\count82
\c@paragraph=\count83
\c@subparagraph=\count84
\c@figure=\count85
\c@table=\count86
\abovecaptionskip=\skip41
\belowcaptionskip=\skip42
\bibindent=\dimen102
)
(/usr/share/texmf-texlive/tex/latex/amsmath/amsmath.sty
Package: amsmath 2000/07/18 v2.13 AMS math features
\@mathmargin=\skip43

For additional information on amsmath, use the `?' option.
(/usr/share/texmf-texlive/tex/latex/amsmath/amstext.sty
Package: amstext 2000/06/29 v2.01

(/usr/share/texmf-texlive/tex/latex/amsmath/amsgen.sty
File: amsgen.sty 1999/11/30 v2.0
\@emptytoks=\toks14
\ex@=\dimen103
))
(/usr/share/texmf-texlive/tex/latex/amsmath/amsbsy.sty
Package: amsbsy 1999/11/29 v1.2d
\pmbraise@=\dimen104
)
(/usr/share/texmf-texlive/tex/latex/amsmath/amsopn.sty
Package: amsopn 1999/12/14 v2.01 operator names
)
\inf@bad=\count87
LaTeX Info: Redefining \frac on input line 211.
\uproot@=\count88
\leftroot@=\count89
LaTeX Info: Redefining \overline on input line 307.
\classnum@=\count90
\DOTSCASE@=\count91
LaTeX Info: Redefining \ldots on input line 379.
LaTeX Info: Redefining \dots on input line 382.
LaTeX Info: Redefining \cdots on input line 467.
\Mathstrutbox@=\box26
\strutbox@=\box27
\big@size=\dimen105
LaTeX Font Info:    Redeclaring font encoding OML on input line 567.
LaTeX Font Info:    Redeclaring font encoding OMS on input line 568.
\macc@depth=\count92
\c@MaxMatrixCols=\count93
\dotsspace@=\muskip10
\c@parentequation=\count94
\dspbrk@lvl=\count95
\tag@help=\toks15
\row@=\count96
\column@=\count97
\maxfields@=\count98
\andhelp@=\toks16
\eqnshift@=\dimen106
\alignsep@=\dimen107
\tagshift@=\dimen108
\tagwidth@=\dimen109
\totwidth@=\dimen110
\lineht@=\dimen111
\@envbody=\toks17
\multlinegap=\skip44
\multlinetaggap=\skip45
\mathdisplay@stack=\toks18
LaTeX Info: Redefining \[ on input line 2666.
LaTeX Info: Redefining \] on input line 2667.
)
(/usr/share/texmf-texlive/tex/latex/amsfonts/amsfonts.sty
Package: amsfonts 2001/10/25 v2.2f
\symAMSa=\mathgroup4
\symAMSb=\mathgroup5
LaTeX Font Info:    Overwriting math alphabet `\mathfrak' in version `bold'
(Font)                  U/euf/m/n --> U/euf/b/n on input line 132.
)
(/usr/share/texmf-texlive/tex/latex/amsfonts/amssymb.sty
Package: amssymb 2002/01/22 v2.2d
)
(/usr/share/texmf-texlive/tex/latex/graphics/graphicx.sty
Package: graphicx 1999/02/16 v1.0f Enhanced LaTeX Graphics (DPC,SPQR)

(/usr/share/texmf-texlive/tex/latex/graphics/keyval.sty
Package: keyval 1999/03/16 v1.13 key=value parser (DPC)
\KV@toks@=\toks19
)
(/usr/share/texmf-texlive/tex/latex/graphics/graphics.sty
Package: graphics 2006/02/20 v1.0o Standard LaTeX Graphics (DPC,SPQR)

(/usr/share/texmf-texlive/tex/latex/graphics/trig.sty
Package: trig 1999/03/16 v1.09 sin cos tan (DPC)
)
(/etc/texmf/tex/latex/config/graphics.cfg
File: graphics.cfg 2007/01/18 v1.5 graphics configuration of teTeX/TeXLive
)
Package graphics Info: Driver file: pdftex.def on input line 90.

(/usr/share/texmf-texlive/tex/latex/pdftex-def/pdftex.def
File: pdftex.def 2007/01/08 v0.04d Graphics/color for pdfTeX
\Gread@gobject=\count99
))
\Gin@req@height=\dimen112
\Gin@req@width=\dimen113
)
(/usr/share/texmf-texlive/tex/latex/subfigure/subfigure.sty
Package: subfigure 2002/03/15 v2.1.5 subfigure package
\subfigtopskip=\skip46
\subfigcapskip=\skip47
\subfigcaptopadj=\dimen114
\subfigbottomskip=\skip48
\subfigcapmargin=\dimen115
\subfiglabelskip=\skip49
\c@subfigure=\count100
\c@lofdepth=\count101
\c@subtable=\count102
\c@lotdepth=\count103

****************************************
* Local config file subfigure.cfg used *
****************************************
(/usr/share/texmf-texlive/tex/latex/subfigure/subfigure.cfg)
\subfig@top=\skip50
\subfig@bottom=\skip51
)
(/usr/share/texmf-texlive/tex/latex/algorithms/algorithmic.sty
Package: algorithmic 2006/06/02

Document Style `algorithmic' - environment
(/usr/share/texmf-texlive/tex/latex/base/ifthen.sty
Package: ifthen 2001/05/26 v1.1c Standard LaTeX ifthen package (DPC)
)
(/usr/share/texmf-texlive/tex/latex/tools/calc.sty
Package: calc 2005/08/06 v4.2 Infix arithmetic (KKT,FJ)
\calc@Acount=\count104
\calc@Bcount=\count105
\calc@Adimen=\dimen116
\calc@Bdimen=\dimen117
\calc@Askip=\skip52
\calc@Bskip=\skip53
LaTeX Info: Redefining \setlength on input line 75.
LaTeX Info: Redefining \addtolength on input line 76.
\calc@Ccount=\count106
\calc@Cskip=\skip54
)
\c@ALC@line=\count107
\c@ALC@rem=\count108
\c@ALC@depth=\count109
\ALC@tlm=\skip55
\algorithmicindent=\skip56
)
(/usr/share/texmf-texlive/tex/latex/listings/listings.sty
\lst@mode=\count110
\lst@gtempboxa=\box28
\lst@token=\toks20
\lst@length=\count111
\lst@currlwidth=\dimen118
\lst@column=\count112
\lst@pos=\count113
\lst@lostspace=\dimen119
\lst@width=\dimen120
\lst@newlines=\count114
\lst@lineno=\count115
\c@lstlisting=\count116
\lst@maxwidth=\dimen121

(/usr/share/texmf-texlive/tex/latex/listings/lstpatch.sty
File: lstpatch.sty 2004/10/17 1.3b (Carsten Heinz)
)
(/usr/share/texmf-texlive/tex/latex/listings/lstmisc.sty
File: lstmisc.sty 2004/09/07 1.3 (Carsten Heinz)
\c@lstnumber=\count117
\lst@skipnumbers=\count118
\lst@framebox=\box29
)
(/usr/share/texmf-texlive/tex/latex/listings/listings.cfg
File: listings.cfg 2004/09/05 1.3 listings configuration
))
Package: listings 2004/10/17 1.3b (Carsten Heinz)

(./GaborBoosting.aux)
\openout1 = `GaborBoosting.aux'.

LaTeX Font Info:    Checking defaults for OML/cmm/m/it on input line 29.
LaTeX Font Info:    ... okay on input line 29.
LaTeX Font Info:    Checking defaults for T1/cmr/m/n on input line 29.
LaTeX Font Info:    ... okay on input line 29.
LaTeX Font Info:    Checking defaults for OT1/cmr/m/n on input line 29.
LaTeX Font Info:    ... okay on input line 29.
LaTeX Font Info:    Checking defaults for OMS/cmsy/m/n on input line 29.
LaTeX Font Info:    ... okay on input line 29.
LaTeX Font Info:    Checking defaults for OMX/cmex/m/n on input line 29.
LaTeX Font Info:    ... okay on input line 29.
LaTeX Font Info:    Checking defaults for U/cmr/m/n on input line 29.
LaTeX Font Info:    ... okay on input line 29.
 (/usr/share/texmf/tex/context/base/supp-pdf.tex
[Loading MPS to PDF converter (version 2006.09.02).]
\scratchcounter=\count119
\scratchdimen=\dimen122
\scratchbox=\box30
\nofMPsegments=\count120
\nofMParguments=\count121
\MPscratchCnt=\count122
\MPscratchDim=\dimen123
\MPnumerator=\count123
\everyMPtoPDFconversion=\toks21
)
LaTeX Font Info:    Try loading font information for U+msa on input line 31.
 (/usr/share/texmf-texlive/tex/latex/amsfonts/umsa.fd
File: umsa.fd 2002/01/19 v2.2g AMS font definitions
)
LaTeX Font Info:    Try loading font information for U+msb on input line 31.

(/usr/share/texmf-texlive/tex/latex/amsfonts/umsb.fd
File: umsb.fd 2002/01/19 v2.2g AMS font definitions
)
Underfull \hbox (badness 10000) in paragraph at lines 43--44

 []

[1

{/var/lib/texmf/fonts/map/pdftex/updmap/pdftex.map}] [2]
<figures/rGabor0_0.jpg, id=18, 302.12875pt x 302.12875pt>
File: figures/rGabor0_0.jpg Graphic file (type jpg)

<use figures/rGabor0_0.jpg>
<figures/rGabor0_1.jpg, id=19, 302.12875pt x 302.12875pt>
File: figures/rGabor0_1.jpg Graphic file (type jpg)

<use figures/rGabor0_1.jpg>
<figures/rGabor0_2.jpg, id=20, 302.12875pt x 302.12875pt>
File: figures/rGabor0_2.jpg Graphic file (type jpg)

<use figures/rGabor0_2.jpg>
<figures/rGabor0_3.jpg, id=21, 302.12875pt x 302.12875pt>
File: figures/rGabor0_3.jpg Graphic file (type jpg)

<use figures/rGabor0_3.jpg>
<figures/rGabor0_4.jpg, id=22, 302.12875pt x 302.12875pt>
File: figures/rGabor0_4.jpg Graphic file (type jpg)

<use figures/rGabor0_4.jpg>
<figures/rGabor0_5.jpg, id=23, 302.12875pt x 302.12875pt>
File: figures/rGabor0_5.jpg Graphic file (type jpg)

<use figures/rGabor0_5.jpg>
<figures/rGabor0_6.jpg, id=24, 302.12875pt x 302.12875pt>
File: figures/rGabor0_6.jpg Graphic file (type jpg)

<use figures/rGabor0_6.jpg>
<figures/rGabor0_7.jpg, id=25, 302.12875pt x 302.12875pt>
File: figures/rGabor0_7.jpg Graphic file (type jpg)

<use figures/rGabor0_7.jpg>
<figures/rGabor1_0.jpg, id=26, 302.12875pt x 302.12875pt>
File: figures/rGabor1_0.jpg Graphic file (type jpg)

<use figures/rGabor1_0.jpg>
<figures/rGabor1_1.jpg, id=27, 302.12875pt x 302.12875pt>
File: figures/rGabor1_1.jpg Graphic file (type jpg)

<use figures/rGabor1_1.jpg>
<figures/rGabor1_2.jpg, id=28, 302.12875pt x 302.12875pt>
File: figures/rGabor1_2.jpg Graphic file (type jpg)

<use figures/rGabor1_2.jpg>
<figures/rGabor1_3.jpg, id=29, 302.12875pt x 302.12875pt>
File: figures/rGabor1_3.jpg Graphic file (type jpg)

<use figures/rGabor1_3.jpg>
<figures/rGabor1_4.jpg, id=30, 302.12875pt x 302.12875pt>
File: figures/rGabor1_4.jpg Graphic file (type jpg)

<use figures/rGabor1_4.jpg>
<figures/rGabor1_5.jpg, id=31, 302.12875pt x 302.12875pt>
File: figures/rGabor1_5.jpg Graphic file (type jpg)

<use figures/rGabor1_5.jpg>
<figures/rGabor1_6.jpg, id=32, 302.12875pt x 302.12875pt>
File: figures/rGabor1_6.jpg Graphic file (type jpg)

<use figures/rGabor1_6.jpg>
<figures/rGabor1_7.jpg, id=33, 302.12875pt x 302.12875pt>
File: figures/rGabor1_7.jpg Graphic file (type jpg)

<use figures/rGabor1_7.jpg>
<figures/rGabor2_0.jpg, id=34, 302.12875pt x 302.12875pt>
File: figures/rGabor2_0.jpg Graphic file (type jpg)

<use figures/rGabor2_0.jpg>
<figures/rGabor2_1.jpg, id=35, 302.12875pt x 302.12875pt>
File: figures/rGabor2_1.jpg Graphic file (type jpg)

<use figures/rGabor2_1.jpg>
<figures/rGabor2_2.jpg, id=36, 302.12875pt x 302.12875pt>
File: figures/rGabor2_2.jpg Graphic file (type jpg)

<use figures/rGabor2_2.jpg>
<figures/rGabor2_3.jpg, id=37, 302.12875pt x 302.12875pt>
File: figures/rGabor2_3.jpg Graphic file (type jpg)

<use figures/rGabor2_3.jpg>
<figures/rGabor2_4.jpg, id=38, 302.12875pt x 302.12875pt>
File: figures/rGabor2_4.jpg Graphic file (type jpg)

<use figures/rGabor2_4.jpg>
<figures/rGabor2_5.jpg, id=39, 302.12875pt x 302.12875pt>
File: figures/rGabor2_5.jpg Graphic file (type jpg)

<use figures/rGabor2_5.jpg>
<figures/rGabor2_6.jpg, id=40, 302.12875pt x 302.12875pt>
File: figures/rGabor2_6.jpg Graphic file (type jpg)

<use figures/rGabor2_6.jpg>
<figures/rGabor2_7.jpg, id=41, 302.12875pt x 302.12875pt>
File: figures/rGabor2_7.jpg Graphic file (type jpg)

<use figures/rGabor2_7.jpg>
<figures/rGabor3_0.jpg, id=42, 302.12875pt x 302.12875pt>
File: figures/rGabor3_0.jpg Graphic file (type jpg)

<use figures/rGabor3_0.jpg>
<figures/rGabor3_1.jpg, id=43, 302.12875pt x 302.12875pt>
File: figures/rGabor3_1.jpg Graphic file (type jpg)

<use figures/rGabor3_1.jpg>
<figures/rGabor3_2.jpg, id=44, 302.12875pt x 302.12875pt>
File: figures/rGabor3_2.jpg Graphic file (type jpg)

<use figures/rGabor3_2.jpg>
<figures/rGabor3_3.jpg, id=45, 302.12875pt x 302.12875pt>
File: figures/rGabor3_3.jpg Graphic file (type jpg)

<use figures/rGabor3_3.jpg>
<figures/rGabor3_4.jpg, id=46, 302.12875pt x 302.12875pt>
File: figures/rGabor3_4.jpg Graphic file (type jpg)

<use figures/rGabor3_4.jpg>
<figures/rGabor3_5.jpg, id=47, 302.12875pt x 302.12875pt>
File: figures/rGabor3_5.jpg Graphic file (type jpg)

<use figures/rGabor3_5.jpg>
<figures/rGabor3_6.jpg, id=48, 302.12875pt x 302.12875pt>
File: figures/rGabor3_6.jpg Graphic file (type jpg)

<use figures/rGabor3_6.jpg>
<figures/rGabor3_7.jpg, id=49, 302.12875pt x 302.12875pt>
File: figures/rGabor3_7.jpg Graphic file (type jpg)

<use figures/rGabor3_7.jpg>
<figures/rGabor4_0.jpg, id=50, 302.12875pt x 302.12875pt>
File: figures/rGabor4_0.jpg Graphic file (type jpg)

<use figures/rGabor4_0.jpg>
<figures/rGabor4_1.jpg, id=51, 302.12875pt x 302.12875pt>
File: figures/rGabor4_1.jpg Graphic file (type jpg)

<use figures/rGabor4_1.jpg>
<figures/rGabor4_2.jpg, id=52, 302.12875pt x 302.12875pt>
File: figures/rGabor4_2.jpg Graphic file (type jpg)

<use figures/rGabor4_2.jpg>
<figures/rGabor4_3.jpg, id=53, 302.12875pt x 302.12875pt>
File: figures/rGabor4_3.jpg Graphic file (type jpg)

<use figures/rGabor4_3.jpg>
<figures/rGabor4_4.jpg, id=54, 302.12875pt x 302.12875pt>
File: figures/rGabor4_4.jpg Graphic file (type jpg)

<use figures/rGabor4_4.jpg>
<figures/rGabor4_5.jpg, id=55, 302.12875pt x 302.12875pt>
File: figures/rGabor4_5.jpg Graphic file (type jpg)

<use figures/rGabor4_5.jpg>
<figures/rGabor4_6.jpg, id=56, 302.12875pt x 302.12875pt>
File: figures/rGabor4_6.jpg Graphic file (type jpg)

<use figures/rGabor4_6.jpg>
<figures/rGabor4_7.jpg, id=57, 302.12875pt x 302.12875pt>
File: figures/rGabor4_7.jpg Graphic file (type jpg)

<use figures/rGabor4_7.jpg> [3]
Overfull \hbox (1.6744pt too wide) in paragraph at lines 141--143
\OT1/cmr/m/n/10 The whole set of Ga-bor wavelet rep-re-sen-ta-tion of the im-ag
e $\OML/cmm/m/it/10 I\OT1/cmr/m/n/10 (\OML/cmm/m/it/10 z\OT1/cmr/m/n/10 )$ is $
\OML/cmm/m/it/10 S \OT1/cmr/m/n/10 = \OMS/cmsy/m/n/10 f\OML/cmm/m/it/10 O[]\OT1
/cmr/m/n/10 (\OML/cmm/m/it/10 z\OT1/cmr/m/n/10 ) :
 []

[4 <./figures/rGabor0_0.jpg> <./figures/rGabor0_1.jpg> <./figures/rGabor0_2.jpg
> <./figures/rGabor0_3.jpg> <./figures/rGabor0_4.jpg> <./figures/rGabor0_5.jpg>
 <./figures/rGabor0_6.jpg> <./figures/rGabor0_7.jpg> <./figures/rGabor1_0.jpg> 
<./figures/rGabor1_1.jpg> <./figures/rGabor1_2.jpg> <./figures/rGabor1_3.jpg> <
./figures/rGabor1_4.jpg> <./figures/rGabor1_5.jpg> <./figures/rGabor1_6.jpg> <.
/figures/rGabor1_7.jpg> <./figures/rGabor2_0.jpg> <./figures/rGabor2_1.jpg> <./
figures/rGabor2_2.jpg> <./figures/rGabor2_3.jpg> <./figures/rGabor2_4.jpg> <./f
igures/rGabor2_5.jpg> <./figures/rGabor2_6.jpg> <./figures/rGabor2_7.jpg> <./fi
gures/rGabor3_0.jpg> <./figures/rGabor3_1.jpg> <./figures/rGabor3_2.jpg> <./fig
ures/rGabor3_3.jpg> <./figures/rGabor3_4.jpg> <./figures/rGabor3_5.jpg> <./figu
res/rGabor3_6.jpg> <./figures/rGabor3_7.jpg> <./figures/rGabor4_0.jpg> <./figur
es/rGabor4_1.jpg> <./figures/rGabor4_2.jpg> <./figures/rGabor4_3.jpg> <./figure
s/rGabor4_4.jpg> <./figures/rGabor4_5.jpg> <./figures/rGabor4_6.jpg> <./figures
/rGabor4_7.jpg>] [5] [6] [7]
Overfull \hbox (12.0pt too wide) in paragraph at lines 225--258
[][]
 []


LaTeX Warning: `h' float specifier changed to `ht'.


Overfull \hbox (12.0pt too wide) in paragraph at lines 267--301
[][]
 []


Overfull \hbox (7.50053pt too wide) in paragraph at lines 307--308
[]\OT1/cmr/m/n/10 The ex-per-i-ment is car-ried out on eight clients from the [
] face database.
 []

[8] <figures/XM2VTS_Full_1.png, id=87, 319.1925pt x 344.28625pt>
File: figures/XM2VTS_Full_1.png Graphic file (type png)

<use figures/XM2VTS_Full_1.png>
<figures/XM2VTS_Full_2.png, id=88, 319.1925pt x 344.28625pt>
File: figures/XM2VTS_Full_2.png Graphic file (type png)

<use figures/XM2VTS_Full_2.png>
<figures/XM2VTS_Full_3.png, id=89, 319.1925pt x 344.28625pt>
File: figures/XM2VTS_Full_3.png Graphic file (type png)

<use figures/XM2VTS_Full_3.png>
<figures/XM2VTS_Full_4.png, id=90, 319.1925pt x 344.28625pt>
File: figures/XM2VTS_Full_4.png Graphic file (type png)

<use figures/XM2VTS_Full_4.png>
<figures/XM2VTS_Full_5.png, id=91, 319.1925pt x 344.28625pt>
File: figures/XM2VTS_Full_5.png Graphic file (type png)

<use figures/XM2VTS_Full_5.png>
<figures/XM2VTS_Full_6.png, id=92, 319.1925pt x 344.28625pt>
File: figures/XM2VTS_Full_6.png Graphic file (type png)

<use figures/XM2VTS_Full_6.png>
<figures/XM2VTS_Full_7.png, id=93, 319.1925pt x 344.28625pt>
File: figures/XM2VTS_Full_7.png Graphic file (type png)

<use figures/XM2VTS_Full_7.png>
<figures/XM2VTS_Full_8.png, id=94, 319.1925pt x 344.28625pt>
File: figures/XM2VTS_Full_8.png Graphic file (type png)

<use figures/XM2VTS_Full_8.png>
<figures/firstgabor_Full_1.png, id=95, 51.19125pt x 55.20625pt>
File: figures/firstgabor_Full_1.png Graphic file (type png)

<use figures/firstgabor_Full_1.png>
<figures/firstgabor_Full_2.png, id=96, 51.19125pt x 55.20625pt>
File: figures/firstgabor_Full_2.png Graphic file (type png)

<use figures/firstgabor_Full_2.png>
<figures/firstgabor_Full_3.png, id=97, 51.19125pt x 55.20625pt>
File: figures/firstgabor_Full_3.png Graphic file (type png)

<use figures/firstgabor_Full_3.png>
<figures/firstgabor_Full_4.png, id=98, 51.19125pt x 55.20625pt>
File: figures/firstgabor_Full_4.png Graphic file (type png)

<use figures/firstgabor_Full_4.png>
<figures/firstgabor_Full_5.png, id=99, 51.19125pt x 55.20625pt>
File: figures/firstgabor_Full_5.png Graphic file (type png)

<use figures/firstgabor_Full_5.png>
<figures/firstgabor_Full_6.png, id=100, 51.19125pt x 55.20625pt>
File: figures/firstgabor_Full_6.png Graphic file (type png)

<use figures/firstgabor_Full_6.png>
<figures/firstgabor_Full_7.png, id=101, 51.19125pt x 55.20625pt>
File: figures/firstgabor_Full_7.png Graphic file (type png)

<use figures/firstgabor_Full_7.png>
<figures/firstgabor_Full_8.png, id=102, 51.19125pt x 55.20625pt>
File: figures/firstgabor_Full_8.png Graphic file (type png)

<use figures/firstgabor_Full_8.png> [9] [10] [11 <./figures/XM2VTS_Full_1.png (
PNG copy)> <./figures/XM2VTS_Full_2.png (PNG copy)> <./figures/XM2VTS_Full_3.pn
g (PNG copy)> <./figures/XM2VTS_Full_4.png (PNG copy)> <./figures/XM2VTS_Full_5
.png (PNG copy)> <./figures/XM2VTS_Full_6.png (PNG copy)> <./figures/XM2VTS_Ful
l_7.png (PNG copy)> <./figures/XM2VTS_Full_8.png (PNG copy)> <./figures/firstga
bor_Full_1.png (PNG copy)> <./figures/firstgabor_Full_2.png (PNG copy)> <./figu
res/firstgabor_Full_3.png (PNG copy)> <./figures/firstgabor_Full_4.png (PNG cop
y)> <./figures/firstgabor_Full_5.png (PNG copy)> <./figures/firstgabor_Full_6.p
ng (PNG copy)> <./figures/firstgabor_Full_7.png (PNG copy)> <./figures/firstgab
or_Full_8.png (PNG copy)>] [12]
<figures/C1_SVM.jpg, id=116, 616.55344pt x 320.69812pt>
File: figures/C1_SVM.jpg Graphic file (type jpg)

<use figures/C1_SVM.jpg>
<figures/C2_SVM.jpg, id=117, 539.76656pt x 320.69812pt>
File: figures/C2_SVM.jpg Graphic file (type jpg)

<use figures/C2_SVM.jpg>
<figures/C3_SVM.jpg, id=118, 539.76656pt x 320.69812pt>
File: figures/C3_SVM.jpg Graphic file (type jpg)

<use figures/C3_SVM.jpg>
<figures/C4_SVM.jpg, id=119, 539.76656pt x 332.59741pt>
File: figures/C4_SVM.jpg Graphic file (type jpg)

<use figures/C4_SVM.jpg>
<figures/C5_SVM.jpg, id=120, 539.76656pt x 333.37451pt>
File: figures/C5_SVM.jpg Graphic file (type jpg)

<use figures/C5_SVM.jpg>
<figures/C6_SVM.jpg, id=121, 539.76656pt x 332.59741pt>
File: figures/C6_SVM.jpg Graphic file (type jpg)

<use figures/C6_SVM.jpg>
<figures/C7_SVM.jpg, id=122, 539.76656pt x 333.37451pt>
File: figures/C7_SVM.jpg Graphic file (type jpg)

<use figures/C7_SVM.jpg>
<figures/C8_SVM.jpg, id=123, 539.76656pt x 333.37451pt>
File: figures/C8_SVM.jpg Graphic file (type jpg)

<use figures/C8_SVM.jpg> [13] [14] [15 <./figures/C1_SVM.jpg> <./figures/C2_SVM
.jpg> <./figures/C3_SVM.jpg> <./figures/C4_SVM.jpg> <./figures/C5_SVM.jpg> <./f
igures/C6_SVM.jpg> <./figures/C7_SVM.jpg> <./figures/C8_SVM.jpg>]
(./GaborBoosting.bbl
Missing character: There is no Ã in font cmti10!
Missing character: There is no ¢ in font cmti10!
Missing character: There is no Â in font cmti10!
Missing character: There is no € in font cmti10!
 [16]
Underfull \hbox (badness 1019) in paragraph at lines 123--127
[]\OT1/cmr/m/n/10 R.E. Schapire and Y. Singer.  Im-proved boost-ing al-go-rithm
s us-ing
 []

[17]) [18] (./GaborBoosting.aux) ) 
Here is how much of TeX's memory you used:
 3712 strings out of 94080
 51519 string characters out of 1165312
 106608 words of memory out of 1500000
 6898 multiletter control sequences out of 10000+50000
 13251 words of font info for 51 fonts, out of 1200000 for 2000
 645 hyphenation exceptions out of 8191
 27i,20n,32p,2563b,599s stack positions out of 5000i,500n,6000p,200000b,5000s
</usr/share/texmf-texlive/fonts/type1/bluesky
/cm/cmbx10.pfb></usr/share/texmf-texlive/fonts/type1/bluesky/cm/cmbx12.pfb></us
r/share/texmf-texlive/fonts/type1/bluesky/cm/cmbx9.pfb></usr/share/texmf-texliv
e/fonts/type1/bluesky/cm/cmex10.pfb></usr/share/texmf-texlive/fonts/type1/blues
ky/cm/cmmi10.pfb></usr/share/texmf-texlive/fonts/type1/bluesky/cm/cmmi5.pfb></u
sr/share/texmf-texlive/fonts/type1/bluesky/cm/cmmi7.pfb></usr/share/texmf-texli
ve/fonts/type1/bluesky/cm/cmr10.pfb></usr/share/texmf-texlive/fonts/type1/blues
ky/cm/cmr12.pfb></usr/share/texmf-texlive/fonts/type1/bluesky/cm/cmr17.pfb></us
r/share/texmf-texlive/fonts/type1/bluesky/cm/cmr5.pfb></usr/share/texmf-texlive
/fonts/type1/bluesky/cm/cmr6.pfb></usr/share/texmf-texlive/fonts/type1/bluesky/
cm/cmr7.pfb></usr/share/texmf-texlive/fonts/type1/bluesky/cm/cmr8.pfb></usr/sha
re/texmf-texlive/fonts/type1/bluesky/cm/cmr9.pfb></usr/share/texmf-texlive/font
s/type1/bluesky/cm/cmsy10.pfb></usr/share/texmf-texlive/fonts/type1/bluesky/cm/
cmsy5.pfb></usr/share/texmf-texlive/fonts/type1/bluesky/cm/cmsy7.pfb></usr/shar
e/texmf-texlive/fonts/type1/bluesky/cm/cmti10.pfb></usr/share/texmf-texlive/fon
ts/type1/bluesky/cm/cmtt9.pfb></usr/share/texmf-texlive/fonts/type1/public/cmex
/fmex7.pfb>
Output written on GaborBoosting.pdf (18 pages, 793763 bytes).
PDF statistics:
 208 PDF objects out of 1000 (max. 8388607)
 0 named destinations out of 1000 (max. 131072)
 321 words of extra memory for PDF output out of 10000 (max. 10000000)

