\BOOKMARK [0][-]{chapter.1}{Introduction}{}
\BOOKMARK [1][-]{section.1.1}{Face recognition}{chapter.1}
\BOOKMARK [1][-]{section.1.2}{Gabor-Boosting algorithm}{chapter.1}
\BOOKMARK [1][-]{section.1.3}{Thesis Outline}{chapter.1}
\BOOKMARK [0][-]{chapter.2}{Literature Review}{}
\BOOKMARK [1][-]{section.2.1}{Appearance-Based Face Recognition}{chapter.2}
\BOOKMARK [2][-]{subsection.2.1.1}{Linear Analysis}{section.2.1}
\BOOKMARK [2][-]{subsection.2.1.2}{Non-linear Analysis}{section.2.1}
\BOOKMARK [2][-]{subsection.2.1.3}{Bayesian Framework}{section.2.1}
\BOOKMARK [2][-]{subsection.2.1.4}{Summary on appearance-based approaches}{section.2.1}
\BOOKMARK [1][-]{section.2.2}{Model-Based Face Recognition}{chapter.2}
\BOOKMARK [2][-]{subsection.2.2.1}{Early Approaches}{section.2.2}
\BOOKMARK [2][-]{subsection.2.2.2}{Elastic Bunch Graph Matching}{section.2.2}
\BOOKMARK [2][-]{subsection.2.2.3}{Active Appearance Model}{section.2.2}
\BOOKMARK [2][-]{subsection.2.2.4}{Summary on model-based approaches}{section.2.2}
\BOOKMARK [1][-]{section.2.3}{3-D Morphable Face Model}{chapter.2}
\BOOKMARK [2][-]{subsection.2.3.1}{A Morphable Model of 3-D Faces}{section.2.3}
\BOOKMARK [2][-]{subsection.2.3.2}{Morphable Model Fitting}{section.2.3}
\BOOKMARK [2][-]{subsection.2.3.3}{Recognition}{section.2.3}
\BOOKMARK [1][-]{section.2.4}{Other Approaches}{chapter.2}
\BOOKMARK [1][-]{section.2.5}{Face Database}{chapter.2}
\BOOKMARK [1][-]{section.2.6}{Summary}{chapter.2}
\BOOKMARK [0][-]{chapter.3}{Gabor Wavelet and AdaBoost}{}
\BOOKMARK [1][-]{section.3.1}{Gabor Wavelets}{chapter.3}
\BOOKMARK [2][-]{subsection.3.1.1}{Background of Gabor Wavelets}{section.3.1}
\BOOKMARK [2][-]{subsection.3.1.2}{The Definition of Gabor Wavelets}{section.3.1}
\BOOKMARK [2][-]{subsection.3.1.3}{Gabor Wavelet Transform}{section.3.1}
\BOOKMARK [2][-]{subsection.3.1.4}{Gabor Wavelet Feature}{section.3.1}
\BOOKMARK [1][-]{section.3.2}{AdaBoost}{chapter.3}
\BOOKMARK [2][-]{subsection.3.2.1}{Introduction to AdaBoost}{section.3.2}
\BOOKMARK [2][-]{subsection.3.2.2}{AdaBoost algorithm}{section.3.2}
\BOOKMARK [2][-]{subsection.3.2.3}{Construction of Ensemble Classifier}{section.3.2}
\BOOKMARK [2][-]{subsection.3.2.4}{Iris dataset Experiment}{section.3.2}
\BOOKMARK [1][-]{section.3.3}{Summary}{chapter.3}
\BOOKMARK [0][-]{chapter.4}{FLD based Gabor-Boosting}{}
\BOOKMARK [1][-]{section.4.1}{Face Verification}{chapter.4}
\BOOKMARK [1][-]{section.4.2}{Motivation}{chapter.4}
\BOOKMARK [2][-]{subsection.4.2.1}{Face Verification v.s. Face Detection}{section.4.2}
\BOOKMARK [2][-]{subsection.4.2.2}{Gabor wavelet feature v.s. Haar feature}{section.4.2}
\BOOKMARK [1][-]{section.4.3}{Feature pre-selection schemes}{chapter.4}
\BOOKMARK [1][-]{section.4.4}{Feature Selection}{chapter.4}
\BOOKMARK [2][-]{subsection.4.4.1}{AdaBoost algorithm for Feature Selection}{section.4.4}
\BOOKMARK [2][-]{subsection.4.4.2}{Weak Learner: Fisher Linear Discriminant}{section.4.4}
\BOOKMARK [2][-]{subsection.4.4.3}{Reduction of Computational Time}{section.4.4}
\BOOKMARK [1][-]{section.4.5}{Experiments}{chapter.4}
\BOOKMARK [2][-]{subsection.4.5.1}{XM2VTS Face Database}{section.4.5}
\BOOKMARK [2][-]{subsection.4.5.2}{Feature Selection Results}{section.4.5}
\BOOKMARK [2][-]{subsection.4.5.3}{Classification Results}{section.4.5}
\BOOKMARK [2][-]{subsection.4.5.4}{Discussion on SVMs in Face Verification}{section.4.5}
\BOOKMARK [1][-]{section.4.6}{Summary}{chapter.4}
\BOOKMARK [0][-]{chapter.5}{Potsu based Gabor-Boosting}{}
\BOOKMARK [1][-]{section.5.1}{POTSU Weak Learner}{chapter.5}
\BOOKMARK [2][-]{subsection.5.1.1}{Construction of an ensemble classifier}{section.5.1}
\BOOKMARK [2][-]{subsection.5.1.2}{Requirements of weak learners}{section.5.1}
\BOOKMARK [2][-]{subsection.5.1.3}{Potsu weak learners}{section.5.1}
\BOOKMARK [2][-]{subsection.5.1.4}{Summary on Potsu Weak Learner}{section.5.1}
\BOOKMARK [1][-]{section.5.2}{Feature Selection by Potsu}{chapter.5}
\BOOKMARK [2][-]{subsection.5.2.1}{Optimisation on AdaBoost}{section.5.2}
\BOOKMARK [2][-]{subsection.5.2.2}{Binary Gabor-Boosting algorithm}{section.5.2}
\BOOKMARK [2][-]{subsection.5.2.3}{Result discussions}{section.5.2}
\BOOKMARK [2][-]{subsection.5.2.4}{Summary on Feature Selection}{section.5.2}
\BOOKMARK [1][-]{section.5.3}{Ensemble classification by AdaBoost}{chapter.5}
\BOOKMARK [1][-]{section.5.4}{Overfitting}{chapter.5}
\BOOKMARK [2][-]{subsection.5.4.1}{Overfitting caused by the training data}{section.5.4}
\BOOKMARK [2][-]{subsection.5.4.2}{Overfitting caused by classification algorithm}{section.5.4}
\BOOKMARK [1][-]{section.5.5}{Solutions to Overfitting}{chapter.5}
\BOOKMARK [2][-]{subsection.5.5.1}{Cross Validation}{section.5.5}
\BOOKMARK [2][-]{subsection.5.5.2}{SVM}{section.5.5}
\BOOKMARK [2][-]{subsection.5.5.3}{Summary on Overfitting}{section.5.5}
\BOOKMARK [1][-]{section.5.6}{Potsu weak learner v.s. FLD weak learner}{chapter.5}
\BOOKMARK [1][-]{section.5.7}{FERET Testing}{chapter.5}
\BOOKMARK [2][-]{subsection.5.7.1}{FERET Database}{section.5.7}
\BOOKMARK [2][-]{subsection.5.7.2}{Pre-processing on the FERET}{section.5.7}
\BOOKMARK [2][-]{subsection.5.7.3}{Feature Selection}{section.5.7}
\BOOKMARK [2][-]{subsection.5.7.4}{Classification}{section.5.7}
\BOOKMARK [2][-]{subsection.5.7.5}{Summary of FERET Testing}{section.5.7}
\BOOKMARK [1][-]{section.5.8}{Summary}{chapter.5}
\BOOKMARK [0][-]{chapter.6}{Multi-Class Gabor-Boosting}{}
\BOOKMARK [1][-]{section.6.1}{Multi-Class AdaBoost}{chapter.6}
\BOOKMARK [2][-]{subsection.6.1.1}{AdaBoost.M1}{section.6.1}
\BOOKMARK [2][-]{subsection.6.1.2}{AdaBoost.M2}{section.6.1}
\BOOKMARK [1][-]{section.6.2}{mPotsu weak learner based multi-class Gabor-Boosting algorithm}{chapter.6}
\BOOKMARK [2][-]{subsection.6.2.1}{From Binary to Multi-Class}{section.6.2}
\BOOKMARK [2][-]{subsection.6.2.2}{mPotsu}{section.6.2}
\BOOKMARK [2][-]{subsection.6.2.3}{Multi Gabor-Boosting Algorithm}{section.6.2}
\BOOKMARK [2][-]{subsection.6.2.4}{Feature Selection}{section.6.2}
\BOOKMARK [2][-]{subsection.6.2.5}{Classification}{section.6.2}
\BOOKMARK [1][-]{section.6.3}{Summary}{chapter.6}
\BOOKMARK [0][-]{chapter.7}{Conclusions and Future Work}{}
\BOOKMARK [1][-]{section.7.1}{Achievements}{chapter.7}
\BOOKMARK [1][-]{section.7.2}{Observations}{chapter.7}
\BOOKMARK [1][-]{section.7.3}{Conclusions}{chapter.7}
\BOOKMARK [1][-]{section.7.4}{Future work}{chapter.7}
\BOOKMARK [0][-]{section.7.4}{Appendices}{}
\BOOKMARK [0][-]{appendix.A}{PCA and Canonical Variate}{}
\BOOKMARK [1][-]{section.A.1}{PCA}{appendix.A}
\BOOKMARK [2][-]{subsection.A.1.1}{Generate Eigenvectors}{section.A.1}
\BOOKMARK [2][-]{subsection.A.1.2}{Image Representation}{section.A.1}
\BOOKMARK [2][-]{subsection.A.1.3}{Classification}{section.A.1}
\BOOKMARK [1][-]{section.A.2}{Canonical Variate}{appendix.A}
\BOOKMARK [0][-]{appendix.B}{Weak learner using LLR}{}
\BOOKMARK [0][-]{appendix.C}{Investigation of Overfitting}{}
\BOOKMARK [0][-]{appendix.D}{Grid Computing on Computer Vision}{}
\BOOKMARK [1][-]{section.D.1}{Brief Introduction to Grid Computing}{appendix.D}
\BOOKMARK [1][-]{section.D.2}{Condor Grid}{appendix.D}
\BOOKMARK [2][-]{subsection.D.2.1}{Condor}{section.D.2}
\BOOKMARK [2][-]{subsection.D.2.2}{Condor at UoR}{section.D.2}
\BOOKMARK [2][-]{subsection.D.2.3}{Program Design for Condor Grid}{section.D.2}
\BOOKMARK [1][-]{section.D.3}{Computer Vision Application using Condor Grid}{appendix.D}
\BOOKMARK [2][-]{subsection.D.3.1}{Computing Mutual Information}{section.D.3}
\BOOKMARK [2][-]{subsection.D.3.2}{Multi-class Gabor-Boosting Feature Selection}{section.D.3}
\BOOKMARK [1][-]{section.D.4}{Summary}{appendix.D}
\BOOKMARK [0][-]{section.D.4}{References}{}
